<?xml version="1.0" encoding="utf-8" standalone="no"?>
<test-results xmlns:xsi="http://www.w3.org/2001/XMLSchema-instance" xsi:noNamespaceSchemaLocation="nunit_schema_2.5.xsd" name="Pester" total="8" errors="0" failures="0" not-run="55" inconclusive="0" ignored="0" skipped="0" invalid="0" date="2025-10-14" time="17:33:10">
  <environment os-version="10.0.26100" nunit-version="2.5.8.0" clr-version="9.0.8" user-domain="pswednesdayvm" platform="Microsoft Windows Server 2025 Datacenter|C:\Windows|\Device\Harddisk0\Partition4" user="azureuser" cwd="E:\GIT\Presentations\PowerShellWednesday-2025-10-15" machine-name="pswednesdayvm" />
  <culture-info current-culture="en-US" current-uiculture="en-US" />
  <test-suite type="TestFixture" name="Pester" executed="True" result="Success" success="True" time="49.4861" asserts="0" description="Pester">
    <results>
      <test-suite type="TestFixture" name="C:\Program Files\WindowsPowerShell\Modules\AutomatedLabTest\5.59.0\tests\00General.tests.ps1" executed="True" result="Success" success="True" time="1.4758" asserts="0" description="C:\Program Files\WindowsPowerShell\Modules\AutomatedLabTest\5.59.0\tests\00General.tests.ps1">
        <results>
          <test-suite type="TestFixture" name="[PSWedRouterLab] General" executed="True" result="Success" success="True" time="0.1267" asserts="0" description="[PSWedRouterLab] General">
            <results>
              <test-suite type="TestFixture" name="[PSWedRouterLab] General.Lab deployment successful" executed="True" result="Success" success="True" time="0.1223" asserts="0" description="[PSWedRouterLab] General.Lab deployment successful">
                <results>
                  <test-suite type="ParameterizedTest" name="[PSWedRouterLab] General.Lab deployment successful.[&lt;LabName&gt;] Should return the correct amount of machines" executed="True" result="Success" success="True" time="0.1171" asserts="0" description="[&lt;LabName&gt;] Should return the correct amount of machines">
                    <results>
                      <test-case description="[PSWedRouterLab] Should return the correct amount of machines" name="[PSWedRouterLab] General.Lab deployment successful.[PSWedRouterLab] Should return the correct amount of machines" time="0.1171" asserts="0" success="True" result="Success" executed="True" />
                    </results>
                  </test-suite>
                </results>
              </test-suite>
            </results>
          </test-suite>
        </results>
      </test-suite>
      <test-suite type="TestFixture" name="C:\Program Files\WindowsPowerShell\Modules\AutomatedLabTest\5.59.0\tests\RootDC.tests.ps1" executed="True" result="Success" success="True" time="5.492" asserts="0" description="C:\Program Files\WindowsPowerShell\Modules\AutomatedLabTest\5.59.0\tests\RootDC.tests.ps1">
        <results>
          <test-suite type="TestFixture" name="[PSWedRouterLab] DC Generic" executed="True" result="Success" success="True" time="3.1295" asserts="0" description="[PSWedRouterLab] DC Generic">
            <results>
              <test-suite type="TestFixture" name="[PSWedRouterLab] DC Generic.Role deployment successful" executed="True" result="Success" success="True" time="3.1241" asserts="0" description="[PSWedRouterLab] DC Generic.Role deployment successful">
                <results>
                  <test-case description="[RootDC] Should return the correct amount of machines" name="[PSWedRouterLab] DC Generic.Role deployment successful.[RootDC] Should return the correct amount of machines" time="0.052" asserts="0" success="True" result="Success" executed="True" />
                  <test-suite type="ParameterizedTest" name="[PSWedRouterLab] DC Generic.Role deployment successful.RoutingLabDC should have ADWS running" executed="True" result="Success" success="True" time="0.4076" asserts="0" description="RoutingLabDC should have ADWS running">
                    <results>
                      <test-case description="RoutingLabDC should have ADWS running" name="[PSWedRouterLab] DC Generic.Role deployment successful.RoutingLabDC should have ADWS running(RoutingLabDC)" time="0.4076" asserts="0" success="True" result="Success" executed="True" />
                    </results>
                  </test-suite>
                  <test-suite type="ParameterizedTest" name="[PSWedRouterLab] DC Generic.Role deployment successful.RoutingLabDC should respond to ADWS calls" executed="True" result="Success" success="True" time="2.6589" asserts="0" description="RoutingLabDC should respond to ADWS calls">
                    <results>
                      <test-case description="RoutingLabDC should respond to ADWS calls" name="[PSWedRouterLab] DC Generic.Role deployment successful.RoutingLabDC should respond to ADWS calls(RoutingLabDC)" time="2.6589" asserts="0" success="True" result="Success" executed="True" />
                    </results>
                  </test-suite>
                </results>
              </test-suite>
            </results>
          </test-suite>
          <test-suite type="TestFixture" name="[PSWedRouterLab] RootDC specific" executed="True" result="Success" success="True" time="4.0462" asserts="0" description="[PSWedRouterLab] RootDC specific">
            <results>
              <test-suite type="ParameterizedTest" name="[PSWedRouterLab] RootDC specific.RoutingLabDC should hold PDC emulator FSMO role" executed="True" result="Success" success="True" time="0.9108" asserts="0" description="RoutingLabDC should hold PDC emulator FSMO role">
                <results>
                  <test-case description="RoutingLabDC should hold PDC emulator FSMO role" name="[PSWedRouterLab] RootDC specific.RoutingLabDC should hold PDC emulator FSMO role(RoutingLabDC)" time="0.9108" asserts="0" success="True" result="Success" executed="True" />
                </results>
              </test-suite>
            </results>
          </test-suite>
        </results>
      </test-suite>
      <test-suite type="TestFixture" name="C:\Program Files\WindowsPowerShell\Modules\AutomatedLabTest\5.59.0\tests\Routing.tests.ps1" executed="True" result="Success" success="True" time="37.3305" asserts="0" description="C:\Program Files\WindowsPowerShell\Modules\AutomatedLabTest\5.59.0\tests\Routing.tests.ps1">
        <results>
          <test-suite type="TestFixture" name="[PSWedRouterLab] Routing" executed="True" result="Success" success="True" time="35.6448" asserts="0" description="[PSWedRouterLab] Routing">
            <results>
              <test-suite type="TestFixture" name="[PSWedRouterLab] Routing.Role deployment successful" executed="True" result="Success" success="True" time="35.6387" asserts="0" description="[PSWedRouterLab] Routing.Role deployment successful">
                <results>
                  <test-case description="[Routing] Should return the correct amount of machines" name="[PSWedRouterLab] Routing.Role deployment successful.[Routing] Should return the correct amount of machines" time="0.0649" asserts="0" success="True" result="Success" executed="True" />
                  <test-suite type="ParameterizedTest" name="[PSWedRouterLab] Routing.Role deployment successful.[RouterLabRouter] Should be connected to the internet" executed="True" result="Success" success="True" time="17.2801" asserts="0" description="[RouterLabRouter] Should be connected to the internet">
                    <results>
                      <test-case description="[RouterLabRouter] Should be connected to the internet" name="[PSWedRouterLab] Routing.Role deployment successful.[RouterLabRouter] Should be connected to the internet(RouterLabRouter)" time="17.2801" asserts="0" success="True" result="Success" executed="True" />
                    </results>
                  </test-suite>
                  <test-suite type="ParameterizedTest" name="[PSWedRouterLab] Routing.Role deployment successful.[RouterLabRouter] Should have Routing feature installed" executed="True" result="Success" success="True" time="18.2808" asserts="0" description="[RouterLabRouter] Should have Routing feature installed">
                    <results>
                      <test-case description="[RouterLabRouter] Should have Routing feature installed" name="[PSWedRouterLab] Routing.Role deployment successful.[RouterLabRouter] Should have Routing feature installed(RouterLabRouter)" time="18.2808" asserts="0" success="True" result="Success" executed="True" />
                    </results>
                  </test-suite>
                </results>
              </test-suite>
            </results>
          </test-suite>
        </results>
      </test-suite>
    </results>
  </test-suite>
</test-results>